.
.
.
.
.
.
Initializing main daemon at 2016-09-02 04:32:10 ....
   
********************************************************************************************************************
 T I C K = 1  [0.02 D] [BOT: OKCOIN ZF4 BTCCNY 15M] merodio
********************************************************************************************************************
Balance now consists in 24656.3713 CNY and 0.0050 BTC
Actual Balance in CNY: 24675.5118 | Start Belance in CNY: 24675.5118 | CNY Profit: [0m 0.0000 [0m %
Actual Balance in BTC: 6.4459 | Start Balance in BTC: 6.4459 | BTC Profit: [0m 0.0000 [0m %
Buy & Hold Profit: 0.0000
Actual BTCCNY value: 3828.1000 | ck value: 3828.3300
[33mvZF4=-460.47792283 [0m
--------------------------------------------------------------------------------------------------------------------
[ OKCOIN ZF4 BTCCNY 15M - 2016-09-02 04:32:15 ] : LAST SIGNAL = -1 [Sell -147.366 < ZF4 = -460.4779  > Buy 56.849 ]
--------------------------------------------------------------------------------------------------------------------
Tick processing ended at 2016-09-02 04:32:15. Waiting 15 Minutes for next tick
   
********************************************************************************************************************
 T I C K = 2  [0.04 D] [BOT: OKCOIN ZF4 BTCCNY 15M] merodio
********************************************************************************************************************
Balance now consists in 24656.3713 CNY and 0.0050 BTC
Actual Balance in CNY: 24675.5240 | Start Belance in CNY: 24675.5118 | CNY Profit: [1;32m 0.0000 [0m %
Actual Balance in BTC: 6.4418 | Start Balance in BTC: 6.4459 | BTC Profit: [1;31m -0.0636 [0m %
Buy & Hold Profit: 0.0637
Actual BTCCNY value: 3830.5400 | ck value: 3828.3300
[33mvZF4=-460.47792283 [0m
--------------------------------------------------------------------------------------------------------------------
[ OKCOIN ZF4 BTCCNY 15M - 2016-09-02 04:45:05 ] : LAST SIGNAL = -1 [Sell -147.366 < ZF4 = -460.4779  > Buy 56.849 ]
--------------------------------------------------------------------------------------------------------------------
Tick processing ended at 2016-09-02 04:45:05. Waiting 15 Minutes for next tick
   
********************************************************************************************************************
 T I C K = 3  [0.06 D] [BOT: OKCOIN ZF4 BTCCNY 15M] merodio
********************************************************************************************************************
Balance now consists in 24656.3713 CNY and 0.0050 BTC
Actual Balance in CNY: 24675.5167 | Start Belance in CNY: 24675.5118 | CNY Profit: [1;32m 0.0000 [0m %
Actual Balance in BTC: 6.4442 | Start Balance in BTC: 6.4459 | BTC Profit: [1;31m -0.0258 [0m %
Buy & Hold Profit: 0.0259
Actual BTCCNY value: 3829.0900 | ck value: 3832.5900
[33mvZF4=-389.295496198 [0m
--------------------------------------------------------------------------------------------------------------------
[ OKCOIN ZF4 BTCCNY 15M - 2016-09-02 05:00:05 ] : LAST SIGNAL = -1 [Sell -147.366 < ZF4 = -389.2955  > Buy 56.849 ]
--------------------------------------------------------------------------------------------------------------------
Tick processing ended at 2016-09-02 05:00:05. Waiting 15 Minutes for next tick
   
********************************************************************************************************************
 T I C K = 4  [0.08 D] [BOT: OKCOIN ZF4 BTCCNY 15M] merodio
********************************************************************************************************************
Balance now consists in 24656.3713 CNY and 0.0050 BTC
Actual Balance in CNY: 24675.5215 | Start Belance in CNY: 24675.5118 | CNY Profit: [1;32m 0.0000 [0m %
Actual Balance in BTC: 6.4426 | Start Balance in BTC: 6.4459 | BTC Profit: [1;31m -0.0509 [0m %
Buy & Hold Profit: 0.0509
Actual BTCCNY value: 3830.0500 | ck value: 3829.0000
[33mvZF4=-407.075142483 [0m
--------------------------------------------------------------------------------------------------------------------
[ OKCOIN ZF4 BTCCNY 15M - 2016-09-02 05:15:06 ] : LAST SIGNAL = -1 [Sell -147.366 < ZF4 = -407.0751  > Buy 56.849 ]
--------------------------------------------------------------------------------------------------------------------
Tick processing ended at 2016-09-02 05:15:06. Waiting 15 Minutes for next tick
   
********************************************************************************************************************
 T I C K = 5  [0.10 D] [BOT: OKCOIN ZF4 BTCCNY 15M] merodio
********************************************************************************************************************
Balance now consists in 24656.3713 CNY and 0.0050 BTC
Actual Balance in CNY: 24675.5236 | Start Belance in CNY: 24675.5118 | CNY Profit: [1;32m 0.0000 [0m %
Actual Balance in BTC: 6.4419 | Start Balance in BTC: 6.4459 | BTC Profit: [1;31m -0.0616 [0m %
Buy & Hold Profit: 0.0616
Actual BTCCNY value: 3830.4600 | ck value: 3829.5700
[33mvZF4=-382.067982354 [0m
--------------------------------------------------------------------------------------------------------------------
[ OKCOIN ZF4 BTCCNY 15M - 2016-09-02 05:30:05 ] : LAST SIGNAL = -1 [Sell -147.366 < ZF4 = -382.0680  > Buy 56.849 ]
--------------------------------------------------------------------------------------------------------------------
Tick processing ended at 2016-09-02 05:30:05. Waiting 15 Minutes for next tick
   
********************************************************************************************************************
 T I C K = 6  [0.12 D] [BOT: OKCOIN ZF4 BTCCNY 15M] merodio
********************************************************************************************************************
Balance now consists in 24656.3713 CNY and 0.0050 BTC
Actual Balance in CNY: 24675.4973 | Start Belance in CNY: 24675.5118 | CNY Profit: [1;31m -0.0001 [0m %
Actual Balance in BTC: 6.4508 | Start Balance in BTC: 6.4459 | BTC Profit: [1;32m 0.0760 [0m %
Buy & Hold Profit: -0.0760
Actual BTCCNY value: 3825.1900 | ck value: 3829.6900
[33mvZF4=-359.831171425 [0m
--------------------------------------------------------------------------------------------------------------------
[ OKCOIN ZF4 BTCCNY 15M - 2016-09-02 05:45:09 ] : LAST SIGNAL = -1 [Sell -147.366 < ZF4 = -359.8312  > Buy 56.849 ]
--------------------------------------------------------------------------------------------------------------------
Tick processing ended at 2016-09-02 05:45:09. Waiting 15 Minutes for next tick
   
********************************************************************************************************************
 T I C K = 7  [0.15 D] [BOT: OKCOIN ZF4 BTCCNY 15M] merodio
********************************************************************************************************************
Balance now consists in 24656.3713 CNY and 0.0050 BTC
Actual Balance in CNY: 24675.4911 | Start Belance in CNY: 24675.5118 | CNY Profit: [1;31m -0.0001 [0m %
Actual Balance in BTC: 6.4529 | Start Balance in BTC: 6.4459 | BTC Profit: [1;32m 0.1082 [0m %
Buy & Hold Profit: -0.1081
Actual BTCCNY value: 3823.9600 | ck value: 3825.4300
[33mvZF4=-387.703824503 [0m
--------------------------------------------------------------------------------------------------------------------
[ OKCOIN ZF4 BTCCNY 15M - 2016-09-02 06:00:05 ] : LAST SIGNAL = -1 [Sell -147.366 < ZF4 = -387.7038  > Buy 56.849 ]
--------------------------------------------------------------------------------------------------------------------
Tick processing ended at 2016-09-02 06:00:05. Waiting 15 Minutes for next tick
   
********************************************************************************************************************
 T I C K = 8  [0.17 D] [BOT: OKCOIN ZF4 BTCCNY 15M] merodio
********************************************************************************************************************
Balance now consists in 24656.3713 CNY and 0.0050 BTC
Actual Balance in CNY: 24675.5005 | Start Belance in CNY: 24675.5118 | CNY Profit: [1;31m -0.0000 [0m %
Actual Balance in BTC: 6.4497 | Start Balance in BTC: 6.4459 | BTC Profit: [1;32m 0.0590 [0m %
Buy & Hold Profit: -0.0590
Actual BTCCNY value: 3825.8400 | ck value: 3823.3600
[33mvZF4=-389.020053918 [0m
--------------------------------------------------------------------------------------------------------------------
[ OKCOIN ZF4 BTCCNY 15M - 2016-09-02 06:15:05 ] : LAST SIGNAL = -1 [Sell -147.366 < ZF4 = -389.0201  > Buy 56.849 ]
--------------------------------------------------------------------------------------------------------------------
Tick processing ended at 2016-09-02 06:15:05. Waiting 15 Minutes for next tick
   
********************************************************************************************************************
 T I C K = 9  [0.19 D] [BOT: OKCOIN ZF4 BTCCNY 15M] merodio
********************************************************************************************************************
Balance now consists in 24656.3713 CNY and 0.0050 BTC
Actual Balance in CNY: 24675.5098 | Start Belance in CNY: 24675.5118 | CNY Profit: [1;31m -0.0000 [0m %
Actual Balance in BTC: 6.4466 | Start Balance in BTC: 6.4459 | BTC Profit: [1;32m 0.0104 [0m %
Buy & Hold Profit: -0.0104
Actual BTCCNY value: 3827.7000 | ck value: 3826.8600
[33mvZF4=-334.395626878 [0m
--------------------------------------------------------------------------------------------------------------------
[ OKCOIN ZF4 BTCCNY 15M - 2016-09-02 06:30:06 ] : LAST SIGNAL = -1 [Sell -147.366 < ZF4 = -334.3956  > Buy 56.849 ]
--------------------------------------------------------------------------------------------------------------------
Tick processing ended at 2016-09-02 06:30:06. Waiting 15 Minutes for next tick
   
********************************************************************************************************************
 T I C K = 10  [0.21 D] [BOT: OKCOIN ZF4 BTCCNY 15M] merodio
********************************************************************************************************************
Balance now consists in 24656.3713 CNY and 0.0050 BTC
Actual Balance in CNY: 24675.5105 | Start Belance in CNY: 24675.5118 | CNY Profit: [1;31m -0.0000 [0m %
Actual Balance in BTC: 6.4463 | Start Balance in BTC: 6.4459 | BTC Profit: [1;32m 0.0065 [0m %
Buy & Hold Profit: -0.0065
Actual BTCCNY value: 3827.8500 | ck value: 3827.4800
[33mvZF4=-305.939750645 [0m
--------------------------------------------------------------------------------------------------------------------
[ OKCOIN ZF4 BTCCNY 15M - 2016-09-02 06:45:04 ] : LAST SIGNAL = -1 [Sell -147.366 < ZF4 = -305.9398  > Buy 56.849 ]
--------------------------------------------------------------------------------------------------------------------
Tick processing ended at 2016-09-02 06:45:04. Waiting 15 Minutes for next tick
   
********************************************************************************************************************
 T I C K = 11  [0.23 D] [BOT: OKCOIN ZF4 BTCCNY 15M] merodio
********************************************************************************************************************
Balance now consists in 24656.3713 CNY and 0.0050 BTC
Actual Balance in CNY: 24675.5063 | Start Belance in CNY: 24675.5118 | CNY Profit: [1;31m -0.0000 [0m %
Actual Balance in BTC: 6.4477 | Start Balance in BTC: 6.4459 | BTC Profit: [1;32m 0.0287 [0m %
Buy & Hold Profit: -0.0287
Actual BTCCNY value: 3827.0000 | ck value: 3827.3100
[33mvZF4=-289.859454246 [0m
--------------------------------------------------------------------------------------------------------------------
[ OKCOIN ZF4 BTCCNY 15M - 2016-09-02 07:00:05 ] : LAST SIGNAL = -1 [Sell -147.366 < ZF4 = -289.8595  > Buy 56.849 ]
--------------------------------------------------------------------------------------------------------------------
Tick processing ended at 2016-09-02 07:00:05. Waiting 15 Minutes for next tick
   
********************************************************************************************************************
 T I C K = 12  [0.25 D] [BOT: OKCOIN ZF4 BTCCNY 15M] merodio
********************************************************************************************************************
Balance now consists in 24656.3713 CNY and 0.0050 BTC
Actual Balance in CNY: 24675.4957 | Start Belance in CNY: 24675.5118 | CNY Profit: [1;31m -0.0001 [0m %
Actual Balance in BTC: 6.4513 | Start Balance in BTC: 6.4459 | BTC Profit: [1;32m 0.0839 [0m %
Buy & Hold Profit: -0.0839
Actual BTCCNY value: 3824.8900 | ck value: 3825.2200
[33mvZF4=-291.736808463 [0m
--------------------------------------------------------------------------------------------------------------------
[ OKCOIN ZF4 BTCCNY 15M - 2016-09-02 07:15:04 ] : LAST SIGNAL = -1 [Sell -147.366 < ZF4 = -291.7368  > Buy 56.849 ]
--------------------------------------------------------------------------------------------------------------------
Tick processing ended at 2016-09-02 07:15:04. Waiting 15 Minutes for next tick
   
********************************************************************************************************************
 T I C K = 13  [0.27 D] [BOT: OKCOIN ZF4 BTCCNY 15M] merodio
********************************************************************************************************************
Balance now consists in 24656.3713 CNY and 0.0050 BTC
Actual Balance in CNY: 24675.5104 | Start Belance in CNY: 24675.5118 | CNY Profit: [1;31m -0.0000 [0m %
Actual Balance in BTC: 6.4464 | Start Balance in BTC: 6.4459 | BTC Profit: [1;32m 0.0076 [0m %
Buy & Hold Profit: -0.0076
Actual BTCCNY value: 3827.8100 | ck value: 3825.6900
[33mvZF4=-266.872753526 [0m
--------------------------------------------------------------------------------------------------------------------
[ OKCOIN ZF4 BTCCNY 15M - 2016-09-02 07:30:07 ] : LAST SIGNAL = -1 [Sell -147.366 < ZF4 = -266.8728  > Buy 56.849 ]
--------------------------------------------------------------------------------------------------------------------
Tick processing ended at 2016-09-02 07:30:07. Waiting 15 Minutes for next tick
   
********************************************************************************************************************
 T I C K = 14  [0.29 D] [BOT: OKCOIN ZF4 BTCCNY 15M] merodio
********************************************************************************************************************
Balance now consists in 24656.3713 CNY and 0.0050 BTC
Actual Balance in CNY: 24675.5179 | Start Belance in CNY: 24675.5118 | CNY Profit: [1;32m 0.0000 [0m %
Actual Balance in BTC: 6.4438 | Start Balance in BTC: 6.4459 | BTC Profit: [1;31m -0.0321 [0m %
Buy & Hold Profit: 0.0321
Actual BTCCNY value: 3829.3300 | ck value: 3828.2100
[33mvZF4=-219.196498409 [0m
--------------------------------------------------------------------------------------------------------------------
[ OKCOIN ZF4 BTCCNY 15M - 2016-09-02 07:45:06 ] : LAST SIGNAL = -1 [Sell -147.366 < ZF4 = -219.1965  > Buy 56.849 ]
--------------------------------------------------------------------------------------------------------------------
Tick processing ended at 2016-09-02 07:45:06. Waiting 15 Minutes for next tick
   
********************************************************************************************************************
 T I C K = 15  [0.31 D] [BOT: OKCOIN ZF4 BTCCNY 15M] merodio
********************************************************************************************************************
Balance now consists in 24656.3713 CNY and 0.0050 BTC
Actual Balance in CNY: 24675.5128 | Start Belance in CNY: 24675.5118 | CNY Profit: [1;32m 0.0000 [0m %
Actual Balance in BTC: 6.4456 | Start Balance in BTC: 6.4459 | BTC Profit: [1;31m -0.0052 [0m %
Buy & Hold Profit: 0.0052
Actual BTCCNY value: 3828.3000 | ck value: 3829.4000
[33mvZF4=-200.550800033 [0m
--------------------------------------------------------------------------------------------------------------------
[ OKCOIN ZF4 BTCCNY 15M - 2016-09-02 08:00:05 ] : LAST SIGNAL = -1 [Sell -147.366 < ZF4 = -200.5508  > Buy 56.849 ]
--------------------------------------------------------------------------------------------------------------------
Tick processing ended at 2016-09-02 08:00:05. Waiting 15 Minutes for next tick
   
********************************************************************************************************************
 T I C K = 16  [0.33 D] [BOT: OKCOIN ZF4 BTCCNY 15M] merodio
********************************************************************************************************************
Balance now consists in 24656.3713 CNY and 0.0050 BTC
Actual Balance in CNY: 24675.5061 | Start Belance in CNY: 24675.5118 | CNY Profit: [1;31m -0.0000 [0m %
Actual Balance in BTC: 6.4478 | Start Balance in BTC: 6.4459 | BTC Profit: [1;32m 0.0298 [0m %
Buy & Hold Profit: -0.0298
Actual BTCCNY value: 3826.9600 | ck value: 3827.5600
[33mvZF4=-214.298550524 [0m
--------------------------------------------------------------------------------------------------------------------
[ OKCOIN ZF4 BTCCNY 15M - 2016-09-02 08:15:06 ] : LAST SIGNAL = -1 [Sell -147.366 < ZF4 = -214.2986  > Buy 56.849 ]
--------------------------------------------------------------------------------------------------------------------
Tick processing ended at 2016-09-02 08:15:06. Waiting 15 Minutes for next tick
   
********************************************************************************************************************
 T I C K = 17  [0.35 D] [BOT: OKCOIN ZF4 BTCCNY 15M] merodio
********************************************************************************************************************
Balance now consists in 24656.3713 CNY and 0.0050 BTC
Actual Balance in CNY: 24675.5163 | Start Belance in CNY: 24675.5118 | CNY Profit: [1;32m 0.0000 [0m %
Actual Balance in BTC: 6.4444 | Start Balance in BTC: 6.4459 | BTC Profit: [1;31m -0.0237 [0m %
Buy & Hold Profit: 0.0238
Actual BTCCNY value: 3829.0100 | ck value: 3826.4500
[33mvZF4=-220.32029982 [0m
--------------------------------------------------------------------------------------------------------------------
[ OKCOIN ZF4 BTCCNY 15M - 2016-09-02 08:30:06 ] : LAST SIGNAL = -1 [Sell -147.366 < ZF4 = -220.3203  > Buy 56.849 ]
--------------------------------------------------------------------------------------------------------------------
Tick processing ended at 2016-09-02 08:30:06. Waiting 15 Minutes for next tick
   
********************************************************************************************************************
 T I C K = 18  [0.38 D] [BOT: OKCOIN ZF4 BTCCNY 15M] merodio
********************************************************************************************************************
Balance now consists in 24656.3713 CNY and 0.0050 BTC
Actual Balance in CNY: 24675.5207 | Start Belance in CNY: 24675.5118 | CNY Profit: [1;32m 0.0000 [0m %
Actual Balance in BTC: 6.4429 | Start Balance in BTC: 6.4459 | BTC Profit: [1;31m -0.0467 [0m %
Buy & Hold Profit: 0.0468
Actual BTCCNY value: 3829.8900 | ck value: 3829.2000
[33mvZF4=-185.22470167 [0m
--------------------------------------------------------------------------------------------------------------------
[ OKCOIN ZF4 BTCCNY 15M - 2016-09-02 08:45:07 ] : LAST SIGNAL = -1 [Sell -147.366 < ZF4 = -185.2247  > Buy 56.849 ]
--------------------------------------------------------------------------------------------------------------------
Tick processing ended at 2016-09-02 08:45:07. Waiting 15 Minutes for next tick
   
********************************************************************************************************************
 T I C K = 19  [0.40 D] [BOT: OKCOIN ZF4 BTCCNY 15M] merodio
********************************************************************************************************************
Balance now consists in 24656.3713 CNY and 0.0050 BTC
Actual Balance in CNY: 24675.5372 | Start Belance in CNY: 24675.5118 | CNY Profit: [1;32m 0.0001 [0m %
Actual Balance in BTC: 6.4374 | Start Balance in BTC: 6.4459 | BTC Profit: [1;31m -0.1322 [0m %
Buy & Hold Profit: 0.1324
Actual BTCCNY value: 3833.1700 | ck value: 3830.1600
[33mvZF4=-166.245346658 [0m
--------------------------------------------------------------------------------------------------------------------
[ OKCOIN ZF4 BTCCNY 15M - 2016-09-02 09:00:06 ] : LAST SIGNAL = -1 [Sell -147.366 < ZF4 = -166.2453  > Buy 56.849 ]
--------------------------------------------------------------------------------------------------------------------
Tick processing ended at 2016-09-02 09:00:06. Waiting 15 Minutes for next tick
   
********************************************************************************************************************
 T I C K = 20  [0.42 D] [BOT: OKCOIN ZF4 BTCCNY 15M] merodio
********************************************************************************************************************
Balance now consists in 24656.3713 CNY and 0.0050 BTC
Actual Balance in CNY: 24675.5410 | Start Belance in CNY: 24675.5118 | CNY Profit: [1;32m 0.0001 [0m %
Actual Balance in BTC: 6.4361 | Start Balance in BTC: 6.4459 | BTC Profit: [1;31m -0.1525 [0m %
Buy & Hold Profit: 0.1528
Actual BTCCNY value: 3833.9500 | ck value: 3833.9900
[33mvZF4=-119.66342036 [0m
--------------------------------------------------------------------------------------------------------------------
[ OKCOIN ZF4 BTCCNY 15M - 2016-09-02 09:15:05 ] : LAST SIGNAL = 0 [Sell -147.366 < ZF4 = -119.6634  > Buy 56.849 ]
--------------------------------------------------------------------------------------------------------------------
Tick processing ended at 2016-09-02 09:15:05. Waiting 15 Minutes for next tick
   
********************************************************************************************************************
 T I C K = 21  [0.44 D] [BOT: OKCOIN ZF4 BTCCNY 15M] merodio
********************************************************************************************************************
Balance now consists in 24656.3713 CNY and 0.0050 BTC
Actual Balance in CNY: 24675.5182 | Start Belance in CNY: 24675.5118 | CNY Profit: [1;32m 0.0000 [0m %
Actual Balance in BTC: 6.4437 | Start Balance in BTC: 6.4459 | BTC Profit: [1;31m -0.0334 [0m %
Buy & Hold Profit: 0.0334
Actual BTCCNY value: 3829.3800 | ck value: 3833.8200
[33mvZF4=-112.346609731 [0m
--------------------------------------------------------------------------------------------------------------------
[ OKCOIN ZF4 BTCCNY 15M - 2016-09-02 09:30:05 ] : LAST SIGNAL = 0 [Sell -147.366 < ZF4 = -112.3466  > Buy 56.849 ]
--------------------------------------------------------------------------------------------------------------------
Tick processing ended at 2016-09-02 09:30:05. Waiting 15 Minutes for next tick
   
********************************************************************************************************************
 T I C K = 22  [0.46 D] [BOT: OKCOIN ZF4 BTCCNY 15M] merodio
********************************************************************************************************************
Balance now consists in 24656.3713 CNY and 0.0050 BTC
Actual Balance in CNY: 24675.5249 | Start Belance in CNY: 24675.5118 | CNY Profit: [1;32m 0.0001 [0m %
Actual Balance in BTC: 6.4415 | Start Balance in BTC: 6.4459 | BTC Profit: [1;31m -0.0683 [0m %
Buy & Hold Profit: 0.0684
Actual BTCCNY value: 3830.7200 | ck value: 3829.5200
[33mvZF4=-149.418644319 [0m
--------------------------------------------------------------------------------------------------------------------
[ OKCOIN ZF4 BTCCNY 15M - 2016-09-02 09:45:05 ] : LAST SIGNAL = -1 [Sell -147.366 < ZF4 = -149.4186  > Buy 56.849 ]
--------------------------------------------------------------------------------------------------------------------
Tick processing ended at 2016-09-02 09:45:05. Waiting 15 Minutes for next tick
   
********************************************************************************************************************
 T I C K = 23  [0.48 D] [BOT: OKCOIN ZF4 BTCCNY 15M] merodio
********************************************************************************************************************
Balance now consists in 24656.3713 CNY and 0.0050 BTC
Actual Balance in CNY: 24675.5253 | Start Belance in CNY: 24675.5118 | CNY Profit: [1;32m 0.0001 [0m %
Actual Balance in BTC: 6.4413 | Start Balance in BTC: 6.4459 | BTC Profit: [1;31m -0.0707 [0m %
Buy & Hold Profit: 0.0708
Actual BTCCNY value: 3830.8100 | ck value: 3830.7600
[33mvZF4=-133.302652059 [0m
--------------------------------------------------------------------------------------------------------------------
[ OKCOIN ZF4 BTCCNY 15M - 2016-09-02 10:00:05 ] : LAST SIGNAL = 0 [Sell -147.366 < ZF4 = -133.3027  > Buy 56.849 ]
--------------------------------------------------------------------------------------------------------------------
Tick processing ended at 2016-09-02 10:00:05. Waiting 15 Minutes for next tick
   
********************************************************************************************************************
 T I C K = 24  [0.50 D] [BOT: OKCOIN ZF4 BTCCNY 15M] merodio
********************************************************************************************************************
Balance now consists in 24656.3713 CNY and 0.0050 BTC
Actual Balance in CNY: 24675.5260 | Start Belance in CNY: 24675.5118 | CNY Profit: [1;32m 0.0001 [0m %
Actual Balance in BTC: 6.4411 | Start Balance in BTC: 6.4459 | BTC Profit: [1;31m -0.0741 [0m %
Buy & Hold Profit: 0.0742
Actual BTCCNY value: 3830.9400 | ck value: 3831.0000
[33mvZF4=-125.438739499 [0m
--------------------------------------------------------------------------------------------------------------------
[ OKCOIN ZF4 BTCCNY 15M - 2016-09-02 10:15:07 ] : LAST SIGNAL = 0 [Sell -147.366 < ZF4 = -125.4387  > Buy 56.849 ]
--------------------------------------------------------------------------------------------------------------------
Tick processing ended at 2016-09-02 10:15:07. Waiting 15 Minutes for next tick
   
********************************************************************************************************************
 T I C K = 25  [0.52 D] [BOT: OKCOIN ZF4 BTCCNY 15M] merodio
********************************************************************************************************************
Balance now consists in 24656.3713 CNY and 0.0050 BTC
Actual Balance in CNY: 24675.5296 | Start Belance in CNY: 24675.5118 | CNY Profit: [1;32m 0.0001 [0m %
Actual Balance in BTC: 6.4399 | Start Balance in BTC: 6.4459 | BTC Profit: [1;31m -0.0928 [0m %
Buy & Hold Profit: 0.0930
Actual BTCCNY value: 3831.6600 | ck value: 3831.3700
[33mvZF4=-115.159759841 [0m
--------------------------------------------------------------------------------------------------------------------
[ OKCOIN ZF4 BTCCNY 15M - 2016-09-02 10:30:05 ] : LAST SIGNAL = 0 [Sell -147.366 < ZF4 = -115.1598  > Buy 56.849 ]
--------------------------------------------------------------------------------------------------------------------
Tick processing ended at 2016-09-02 10:30:05. Waiting 15 Minutes for next tick
   
********************************************************************************************************************
 T I C K = 26  [0.54 D] [BOT: OKCOIN ZF4 BTCCNY 15M] merodio
********************************************************************************************************************
Balance now consists in 24656.3713 CNY and 0.0050 BTC
Actual Balance in CNY: 24675.5357 | Start Belance in CNY: 24675.5118 | CNY Profit: [1;32m 0.0001 [0m %
Actual Balance in BTC: 6.4379 | Start Balance in BTC: 6.4459 | BTC Profit: [1;31m -0.1246 [0m %
Buy & Hold Profit: 0.1249
Actual BTCCNY value: 3832.8800 | ck value: 3831.7900
[33mvZF4=-104.741174922 [0m
--------------------------------------------------------------------------------------------------------------------
[ OKCOIN ZF4 BTCCNY 15M - 2016-09-02 10:45:11 ] : LAST SIGNAL = 0 [Sell -147.366 < ZF4 = -104.7412  > Buy 56.849 ]
--------------------------------------------------------------------------------------------------------------------
Tick processing ended at 2016-09-02 10:45:11. Waiting 15 Minutes for next tick
   
********************************************************************************************************************
 T I C K = 27  [0.56 D] [BOT: OKCOIN ZF4 BTCCNY 15M] merodio
********************************************************************************************************************
Balance now consists in 24656.3713 CNY and 0.0050 BTC
Actual Balance in CNY: 24675.5255 | Start Belance in CNY: 24675.5118 | CNY Profit: [1;32m 0.0001 [0m %
Actual Balance in BTC: 6.4413 | Start Balance in BTC: 6.4459 | BTC Profit: [1;31m -0.0717 [0m %
Buy & Hold Profit: 0.0718
Actual BTCCNY value: 3830.8500 | ck value: 3832.8500
[33mvZF4=-87.0976990473 [0m
--------------------------------------------------------------------------------------------------------------------
[ OKCOIN ZF4 BTCCNY 15M - 2016-09-02 11:00:12 ] : LAST SIGNAL = 0 [Sell -147.366 < ZF4 = -87.0977  > Buy 56.849 ]
--------------------------------------------------------------------------------------------------------------------
Tick processing ended at 2016-09-02 11:00:12. Waiting 15 Minutes for next tick
   
********************************************************************************************************************
 T I C K = 28  [0.58 D] [BOT: OKCOIN ZF4 BTCCNY 15M] merodio
********************************************************************************************************************
Balance now consists in 24656.3713 CNY and 0.0050 BTC
Actual Balance in CNY: 24675.5078 | Start Belance in CNY: 24675.5118 | CNY Profit: [1;31m -0.0000 [0m %
Actual Balance in BTC: 6.4472 | Start Balance in BTC: 6.4459 | BTC Profit: [1;32m 0.0209 [0m %
Buy & Hold Profit: -0.0209
Actual BTCCNY value: 3827.3000 | ck value: 3830.8600
[33mvZF4=-104.307632989 [0m
--------------------------------------------------------------------------------------------------------------------
[ OKCOIN ZF4 BTCCNY 15M - 2016-09-02 11:15:08 ] : LAST SIGNAL = 0 [Sell -147.366 < ZF4 = -104.3076  > Buy 56.849 ]
--------------------------------------------------------------------------------------------------------------------
Tick processing ended at 2016-09-02 11:15:08. Waiting 15 Minutes for next tick
   
********************************************************************************************************************
 T I C K = 29  [0.60 D] [BOT: OKCOIN ZF4 BTCCNY 15M] merodio
********************************************************************************************************************
Balance now consists in 24656.3713 CNY and 0.0050 BTC
Actual Balance in CNY: 24675.5134 | Start Belance in CNY: 24675.5118 | CNY Profit: [1;32m 0.0000 [0m %
Actual Balance in BTC: 6.4454 | Start Balance in BTC: 6.4459 | BTC Profit: [1;31m -0.0084 [0m %
Buy & Hold Profit: 0.0084
Actual BTCCNY value: 3828.4200 | ck value: 3828.2800
[33mvZF4=-135.875369031 [0m
--------------------------------------------------------------------------------------------------------------------
[ OKCOIN ZF4 BTCCNY 15M - 2016-09-02 11:30:06 ] : LAST SIGNAL = 0 [Sell -147.366 < ZF4 = -135.8754  > Buy 56.849 ]
--------------------------------------------------------------------------------------------------------------------
Tick processing ended at 2016-09-02 11:30:06. Waiting 15 Minutes for next tick
   
********************************************************************************************************************
 T I C K = 30  [0.62 D] [BOT: OKCOIN ZF4 BTCCNY 15M] merodio
********************************************************************************************************************
Balance now consists in 24656.3713 CNY and 0.0050 BTC
Actual Balance in CNY: 24675.5107 | Start Belance in CNY: 24675.5118 | CNY Profit: [1;31m -0.0000 [0m %
Actual Balance in BTC: 6.4462 | Start Balance in BTC: 6.4459 | BTC Profit: [1;32m 0.0055 [0m %
Buy & Hold Profit: -0.0055
Actual BTCCNY value: 3827.8900 | ck value: 3828.3800
[33mvZF4=-146.270480732 [0m
--------------------------------------------------------------------------------------------------------------------
[ OKCOIN ZF4 BTCCNY 15M - 2016-09-02 11:45:08 ] : LAST SIGNAL = 0 [Sell -147.366 < ZF4 = -146.2705  > Buy 56.849 ]
--------------------------------------------------------------------------------------------------------------------
Tick processing ended at 2016-09-02 11:45:08. Waiting 15 Minutes for next tick
   
********************************************************************************************************************
 T I C K = 31  [0.65 D] [BOT: OKCOIN ZF4 BTCCNY 15M] merodio
********************************************************************************************************************
Balance now consists in 24656.3713 CNY and 0.0050 BTC
Actual Balance in CNY: 24675.5061 | Start Belance in CNY: 24675.5118 | CNY Profit: [1;31m -0.0000 [0m %
Actual Balance in BTC: 6.4478 | Start Balance in BTC: 6.4459 | BTC Profit: [1;32m 0.0295 [0m %
Buy & Hold Profit: -0.0295
Actual BTCCNY value: 3826.9700 | ck value: 3827.5400
[33mvZF4=-167.203982774 [0m
--------------------------------------------------------------------------------------------------------------------
[ OKCOIN ZF4 BTCCNY 15M - 2016-09-02 12:00:05 ] : LAST SIGNAL = -1 [Sell -147.366 < ZF4 = -167.2040  > Buy 56.849 ]
--------------------------------------------------------------------------------------------------------------------
Tick processing ended at 2016-09-02 12:00:05. Waiting 15 Minutes for next tick
   
********************************************************************************************************************
 T I C K = 32  [0.67 D] [BOT: OKCOIN ZF4 BTCCNY 15M] merodio
********************************************************************************************************************
Balance now consists in 24656.3713 CNY and 0.0050 BTC
Actual Balance in CNY: 24675.4990 | Start Belance in CNY: 24675.5118 | CNY Profit: [1;31m -0.0001 [0m %
Actual Balance in BTC: 6.4502 | Start Balance in BTC: 6.4459 | BTC Profit: [1;32m 0.0669 [0m %
Buy & Hold Profit: -0.0669
Actual BTCCNY value: 3825.5400 | ck value: 3826.7300
[33mvZF4=-191.171117947 [0m
--------------------------------------------------------------------------------------------------------------------
[ OKCOIN ZF4 BTCCNY 15M - 2016-09-02 12:15:05 ] : LAST SIGNAL = -1 [Sell -147.366 < ZF4 = -191.1711  > Buy 56.849 ]
--------------------------------------------------------------------------------------------------------------------
Tick processing ended at 2016-09-02 12:15:05. Waiting 15 Minutes for next tick
   
********************************************************************************************************************
 T I C K = 33  [0.69 D] [BOT: OKCOIN ZF4 BTCCNY 15M] merodio
********************************************************************************************************************
Balance now consists in 24656.3713 CNY and 0.0050 BTC
Actual Balance in CNY: 24675.5075 | Start Belance in CNY: 24675.5118 | CNY Profit: [1;31m -0.0000 [0m %
Actual Balance in BTC: 6.4473 | Start Balance in BTC: 6.4459 | BTC Profit: [1;32m 0.0222 [0m %
Buy & Hold Profit: -0.0222
Actual BTCCNY value: 3827.2500 | ck value: 3825.3800
[33mvZF4=-225.158325331 [0m
--------------------------------------------------------------------------------------------------------------------
[ OKCOIN ZF4 BTCCNY 15M - 2016-09-02 12:30:05 ] : LAST SIGNAL = -1 [Sell -147.366 < ZF4 = -225.1583  > Buy 56.849 ]
--------------------------------------------------------------------------------------------------------------------
Tick processing ended at 2016-09-02 12:30:05. Waiting 15 Minutes for next tick
   
********************************************************************************************************************
 T I C K = 34  [0.71 D] [BOT: OKCOIN ZF4 BTCCNY 15M] merodio
********************************************************************************************************************
Balance now consists in 24656.3713 CNY and 0.0050 BTC
Actual Balance in CNY: 24675.5281 | Start Belance in CNY: 24675.5118 | CNY Profit: [1;32m 0.0001 [0m %
Actual Balance in BTC: 6.4404 | Start Balance in BTC: 6.4459 | BTC Profit: [1;31m -0.0853 [0m %
Buy & Hold Profit: 0.0854
Actual BTCCNY value: 3831.3700 | ck value: 3827.5000
[33mvZF4=-220.385578897 [0m
--------------------------------------------------------------------------------------------------------------------
[ OKCOIN ZF4 BTCCNY 15M - 2016-09-02 12:45:05 ] : LAST SIGNAL = -1 [Sell -147.366 < ZF4 = -220.3856  > Buy 56.849 ]
--------------------------------------------------------------------------------------------------------------------
Tick processing ended at 2016-09-02 12:45:05. Waiting 15 Minutes for next tick
   
********************************************************************************************************************
 T I C K = 35  [0.73 D] [BOT: OKCOIN ZF4 BTCCNY 15M] merodio
********************************************************************************************************************
Balance now consists in 24656.3713 CNY and 0.0050 BTC
Actual Balance in CNY: 24675.5902 | Start Belance in CNY: 24675.5118 | CNY Profit: [1;32m 0.0003 [0m %
Actual Balance in BTC: 6.4196 | Start Balance in BTC: 6.4459 | BTC Profit: [1;31m -0.4076 [0m %
Buy & Hold Profit: 0.4096
Actual BTCCNY value: 3843.7800 | ck value: 3833.1100
[33mvZF4=-154.434941276 [0m
--------------------------------------------------------------------------------------------------------------------
[ OKCOIN ZF4 BTCCNY 15M - 2016-09-02 13:00:09 ] : LAST SIGNAL = -1 [Sell -147.366 < ZF4 = -154.4349  > Buy 56.849 ]
--------------------------------------------------------------------------------------------------------------------
Tick processing ended at 2016-09-02 13:00:09. Waiting 15 Minutes for next tick
   
********************************************************************************************************************
 T I C K = 36  [0.75 D] [BOT: OKCOIN ZF4 BTCCNY 15M] merodio
********************************************************************************************************************
Balance now consists in 24656.3713 CNY and 0.0050 BTC
Actual Balance in CNY: 24675.5723 | Start Belance in CNY: 24675.5118 | CNY Profit: [1;32m 0.0002 [0m %
Actual Balance in BTC: 6.4256 | Start Balance in BTC: 6.4459 | BTC Profit: [1;31m -0.3148 [0m %
Buy & Hold Profit: 0.3161
Actual BTCCNY value: 3840.2000 | ck value: 3839.1500
[33mvZF4=-62.8816151949 [0m
--------------------------------------------------------------------------------------------------------------------
[ OKCOIN ZF4 BTCCNY 15M - 2016-09-02 13:15:09 ] : LAST SIGNAL = 0 [Sell -147.366 < ZF4 = -62.8816  > Buy 56.849 ]
--------------------------------------------------------------------------------------------------------------------
Tick processing ended at 2016-09-02 13:15:09. Waiting 15 Minutes for next tick
   
********************************************************************************************************************
 T I C K = 37  [0.77 D] [BOT: OKCOIN ZF4 BTCCNY 15M] merodio
********************************************************************************************************************
Balance now consists in 24656.3713 CNY and 0.0050 BTC
Actual Balance in CNY: 24675.5958 | Start Belance in CNY: 24675.5118 | CNY Profit: [1;32m 0.0003 [0m %
Actual Balance in BTC: 6.4177 | Start Balance in BTC: 6.4459 | BTC Profit: [1;31m -0.4369 [0m %
Buy & Hold Profit: 0.4391
Actual BTCCNY value: 3844.9100 | ck value: 3841.3600
[33mvZF4=-14.5948267211 [0m
--------------------------------------------------------------------------------------------------------------------
[ OKCOIN ZF4 BTCCNY 15M - 2016-09-02 13:30:07 ] : LAST SIGNAL = 0 [Sell -147.366 < ZF4 = -14.5948  > Buy 56.849 ]
--------------------------------------------------------------------------------------------------------------------
Tick processing ended at 2016-09-02 13:30:07. Waiting 15 Minutes for next tick
   
********************************************************************************************************************
 T I C K = 38  [0.79 D] [BOT: OKCOIN ZF4 BTCCNY 15M] merodio
********************************************************************************************************************
Balance now consists in 24656.3713 CNY and 0.0050 BTC
Actual Balance in CNY: 24675.5879 | Start Belance in CNY: 24675.5118 | CNY Profit: [1;32m 0.0003 [0m %
Actual Balance in BTC: 6.4204 | Start Balance in BTC: 6.4459 | BTC Profit: [1;31m -0.3957 [0m %
Buy & Hold Profit: 0.3976
Actual BTCCNY value: 3843.3200 | ck value: 3845.5700
[33mvZF4=77.16783216 [0m
--------------------------------------------------------------------------------------------------------------------
[ OKCOIN ZF4 BTCCNY 15M - 2016-09-02 13:45:06 ] : LAST SIGNAL = 1 [Sell -147.366 < ZF4 = 77.1678  > Buy 56.849 ]
--------------------------------------------------------------------------------------------------------------------
There is enough Curr to buy
MaxAssets = 6.420383392483581 | OrderSize = 0.6420383392483581 | LastPrice = 3843.32
Iceberg Order ##1
{"order_id":5399314595,"result":true}
Waiting 78.0 seconds until next order (TIMEOUT)
Iceberg Order ##2
{"order_id":5399326010,"result":true}
Waiting 78.0 seconds until next order (TIMEOUT)
Iceberg Order ##3
{"order_id":5399335714,"result":true}
Waiting 78.0 seconds until next order (TIMEOUT)
Iceberg Order ##4
{"order_id":5399351559,"result":true}
Waiting 78.0 seconds until next order (TIMEOUT)
Iceberg Order ##5
{"order_id":5399381586,"result":true}
Waiting 78.0 seconds until next order (TIMEOUT)
Iceberg Order ##6
{"order_id":5399402570,"result":true}
Waiting 78.0 seconds until next order (TIMEOUT)
Iceberg Order ##7
{"error_code":10010,"result":false}
Waiting 78.0 seconds until next order (TIMEOUT)
Iceberg last order. Trying to spend the last 1574.5017 CNY buying 0.3884649744966861 at price 3859.1435800000004
{"order_id":5399451569,"result":true}
Iceberg last order. Trying to spend the last 80.8376 CNY buying 0.01996306626911609 at price 3855.5455025
{"order_id":5399472017,"result":true}
The exchange does not accept orders smaller than 0.01
Finished buying
Tick processing ended at 2016-09-02 13:59:00. Waiting 15 Minutes for next tick
   
********************************************************************************************************************
 T I C K = 39  [0.81 D] [BOT: OKCOIN ZF4 BTCCNY 15M] merodio
********************************************************************************************************************
Balance now consists in 7.7531 CNY and 6.4120 BTC
Actual Balance in CNY: 24672.7294 | Start Belance in CNY: 24675.5118 | CNY Profit: [1;31m -0.0113 [0m %
Actual Balance in BTC: 6.4140 | Start Balance in BTC: 6.4459 | BTC Profit: [1;31m -0.4945 [0m %
Buy & Hold Profit: 0.4856
Actual BTCCNY value: 3846.6900 | ck value: 3843.9000
[33mvZF4=67.1808247262 [0m
--------------------------------------------------------------------------------------------------------------------
[ OKCOIN ZF4 BTCCNY 15M - 2016-09-02 14:00:05 ] : LAST SIGNAL = 1 [Sell -147.366 < ZF4 = 67.1808  > Buy 56.849 ]
--------------------------------------------------------------------------------------------------------------------
Tick processing ended at 2016-09-02 14:00:05. Waiting 15 Minutes for next tick
   
********************************************************************************************************************
 T I C K = 40  [0.83 D] [BOT: OKCOIN ZF4 BTCCNY 15M] merodio
********************************************************************************************************************
Balance now consists in 7.7531 CNY and 6.4120 BTC
Actual Balance in CNY: 24712.8044 | Start Belance in CNY: 24675.5118 | CNY Profit: [1;32m 0.1511 [0m %
Actual Balance in BTC: 6.4140 | Start Balance in BTC: 6.4459 | BTC Profit: [1;31m -0.4945 [0m %
Buy & Hold Profit: 0.6489
Actual BTCCNY value: 3852.9400 | ck value: 3847.2300
[33mvZF4=164.563427095 [0m
--------------------------------------------------------------------------------------------------------------------
[ OKCOIN ZF4 BTCCNY 15M - 2016-09-02 14:15:05 ] : LAST SIGNAL = 1 [Sell -147.366 < ZF4 = 164.5634  > Buy 56.849 ]
--------------------------------------------------------------------------------------------------------------------
Tick processing ended at 2016-09-02 14:15:05. Waiting 15 Minutes for next tick
   
********************************************************************************************************************
 T I C K = 41  [0.85 D] [BOT: OKCOIN ZF4 BTCCNY 15M] merodio
********************************************************************************************************************
Balance now consists in 7.7531 CNY and 6.4120 BTC
Actual Balance in CNY: 24741.2737 | Start Belance in CNY: 24675.5118 | CNY Profit: [1;32m 0.2665 [0m %
Actual Balance in BTC: 6.4140 | Start Balance in BTC: 6.4459 | BTC Profit: [1;31m -0.4946 [0m %
Buy & Hold Profit: 0.7649
Actual BTCCNY value: 3857.3800 | ck value: 3852.4300
[33mvZF4=294.330332973 [0m
--------------------------------------------------------------------------------------------------------------------
[ OKCOIN ZF4 BTCCNY 15M - 2016-09-02 14:30:06 ] : LAST SIGNAL = 1 [Sell -147.366 < ZF4 = 294.3303  > Buy 56.849 ]
--------------------------------------------------------------------------------------------------------------------
Tick processing ended at 2016-09-02 14:30:06. Waiting 15 Minutes for next tick
   
********************************************************************************************************************
 T I C K = 42  [0.88 D] [BOT: OKCOIN ZF4 BTCCNY 15M] merodio
********************************************************************************************************************
Balance now consists in 7.7531 CNY and 6.4120 BTC
Actual Balance in CNY: 24744.6079 | Start Belance in CNY: 24675.5118 | CNY Profit: [1;32m 0.2800 [0m %
Actual Balance in BTC: 6.4140 | Start Balance in BTC: 6.4459 | BTC Profit: [1;31m -0.4946 [0m %
Buy & Hold Profit: 0.7785
Actual BTCCNY value: 3857.9000 | ck value: 3858.0000
[33mvZF4=426.01635537 [0m
--------------------------------------------------------------------------------------------------------------------
[ OKCOIN ZF4 BTCCNY 15M - 2016-09-02 14:45:07 ] : LAST SIGNAL = 1 [Sell -147.366 < ZF4 = 426.0164  > Buy 56.849 ]
--------------------------------------------------------------------------------------------------------------------
Tick processing ended at 2016-09-02 14:45:07. Waiting 15 Minutes for next tick
   
********************************************************************************************************************
 T I C K = 43  [0.90 D] [BOT: OKCOIN ZF4 BTCCNY 15M] merodio
********************************************************************************************************************
Balance now consists in 7.7531 CNY and 6.4120 BTC
Actual Balance in CNY: 24721.7812 | Start Belance in CNY: 24675.5118 | CNY Profit: [1;32m 0.1875 [0m %
Actual Balance in BTC: 6.4140 | Start Balance in BTC: 6.4459 | BTC Profit: [1;31m -0.4946 [0m %
Buy & Hold Profit: 0.6855
Actual BTCCNY value: 3854.3400 | ck value: 3855.6800
[33mvZF4=398.467403598 [0m
--------------------------------------------------------------------------------------------------------------------
[ OKCOIN ZF4 BTCCNY 15M - 2016-09-02 15:00:08 ] : LAST SIGNAL = 1 [Sell -147.366 < ZF4 = 398.4674  > Buy 56.849 ]
--------------------------------------------------------------------------------------------------------------------
Tick processing ended at 2016-09-02 15:00:08. Waiting 15 Minutes for next tick
   
********************************************************************************************************************
 T I C K = 44  [0.92 D] [BOT: OKCOIN ZF4 BTCCNY 15M] merodio
********************************************************************************************************************
Balance now consists in 7.7531 CNY and 6.4120 BTC
Actual Balance in CNY: 24722.7430 | Start Belance in CNY: 24675.5118 | CNY Profit: [1;32m 0.1914 [0m %
Actual Balance in BTC: 6.4140 | Start Balance in BTC: 6.4459 | BTC Profit: [1;31m -0.4946 [0m %
Buy & Hold Profit: 0.6894
Actual BTCCNY value: 3854.4900 | ck value: 3856.1000
[33mvZF4=419.177749867 [0m
--------------------------------------------------------------------------------------------------------------------
[ OKCOIN ZF4 BTCCNY 15M - 2016-09-02 15:15:05 ] : LAST SIGNAL = 1 [Sell -147.366 < ZF4 = 419.1777  > Buy 56.849 ]
--------------------------------------------------------------------------------------------------------------------
Tick processing ended at 2016-09-02 15:15:05. Waiting 15 Minutes for next tick
   
********************************************************************************************************************
 T I C K = 45  [0.94 D] [BOT: OKCOIN ZF4 BTCCNY 15M] merodio
********************************************************************************************************************
Balance now consists in 7.7531 CNY and 6.4120 BTC
Actual Balance in CNY: 24717.8057 | Start Belance in CNY: 24675.5118 | CNY Profit: [1;32m 0.1714 [0m %
Actual Balance in BTC: 6.4140 | Start Balance in BTC: 6.4459 | BTC Profit: [1;31m -0.4946 [0m %
Buy & Hold Profit: 0.6693
Actual BTCCNY value: 3853.7200 | ck value: 3854.0000
[33mvZF4=398.798916199 [0m
--------------------------------------------------------------------------------------------------------------------
[ OKCOIN ZF4 BTCCNY 15M - 2016-09-02 15:30:13 ] : LAST SIGNAL = 1 [Sell -147.366 < ZF4 = 398.7989  > Buy 56.849 ]
--------------------------------------------------------------------------------------------------------------------
Tick processing ended at 2016-09-02 15:30:13. Waiting 15 Minutes for next tick
   
********************************************************************************************************************
 T I C K = 46  [0.96 D] [BOT: OKCOIN ZF4 BTCCNY 15M] merodio
********************************************************************************************************************
Balance now consists in 7.7531 CNY and 6.4120 BTC
Actual Balance in CNY: 24704.3405 | Start Belance in CNY: 24675.5118 | CNY Profit: [1;32m 0.1168 [0m %
Actual Balance in BTC: 6.4140 | Start Balance in BTC: 6.4459 | BTC Profit: [1;31m -0.4945 [0m %
Buy & Hold Profit: 0.6144
Actual BTCCNY value: 3851.6200 | ck value: 3853.6800
[33mvZF4=409.153417334 [0m
--------------------------------------------------------------------------------------------------------------------
[ OKCOIN ZF4 BTCCNY 15M - 2016-09-02 15:45:08 ] : LAST SIGNAL = 1 [Sell -147.366 < ZF4 = 409.1534  > Buy 56.849 ]
--------------------------------------------------------------------------------------------------------------------
Tick processing ended at 2016-09-02 15:45:08. Waiting 15 Minutes for next tick
   
********************************************************************************************************************
 T I C K = 47  [0.98 D] [BOT: OKCOIN ZF4 BTCCNY 15M] merodio
********************************************************************************************************************
Balance now consists in 7.7531 CNY and 6.4120 BTC
Actual Balance in CNY: 24716.3310 | Start Belance in CNY: 24675.5118 | CNY Profit: [1;32m 0.1654 [0m %
Actual Balance in BTC: 6.4140 | Start Balance in BTC: 6.4459 | BTC Profit: [1;31m -0.4945 [0m %
Buy & Hold Profit: 0.6633
Actual BTCCNY value: 3853.4900 | ck value: 3852.5000
[33mvZF4=404.673071665 [0m
--------------------------------------------------------------------------------------------------------------------
[ OKCOIN ZF4 BTCCNY 15M - 2016-09-02 16:00:06 ] : LAST SIGNAL = 1 [Sell -147.366 < ZF4 = 404.6731  > Buy 56.849 ]
--------------------------------------------------------------------------------------------------------------------
Tick processing ended at 2016-09-02 16:00:06. Waiting 15 Minutes for next tick
   
********************************************************************************************************************
 T I C K = 48  [1.00 D] [BOT: OKCOIN ZF4 BTCCNY 15M] merodio
********************************************************************************************************************
Balance now consists in 7.7531 CNY and 6.4120 BTC
Actual Balance in CNY: 24721.1400 | Start Belance in CNY: 24675.5118 | CNY Profit: [1;32m 0.1849 [0m %
Actual Balance in BTC: 6.4140 | Start Balance in BTC: 6.4459 | BTC Profit: [1;31m -0.4946 [0m %
Buy & Hold Profit: 0.6828
Actual BTCCNY value: 3854.2400 | ck value: 3854.4900
[33mvZF4=453.299579854 [0m
--------------------------------------------------------------------------------------------------------------------
[ OKCOIN ZF4 BTCCNY 15M - 2016-09-02 16:15:06 ] : LAST SIGNAL = 1 [Sell -147.366 < ZF4 = 453.2996  > Buy 56.849 ]
--------------------------------------------------------------------------------------------------------------------
Tick processing ended at 2016-09-02 16:15:06. Waiting 15 Minutes for next tick
   
********************************************************************************************************************
 T I C K = 49  [1.02 D] [BOT: OKCOIN ZF4 BTCCNY 15M] merodio
********************************************************************************************************************
Balance now consists in 7.7531 CNY and 6.4120 BTC
Actual Balance in CNY: 24686.6434 | Start Belance in CNY: 24675.5118 | CNY Profit: [1;32m 0.0451 [0m %
Actual Balance in BTC: 6.4140 | Start Balance in BTC: 6.4459 | BTC Profit: [1;31m -0.4945 [0m %
Buy & Hold Profit: 0.5423
Actual BTCCNY value: 3848.8600 | ck value: 3854.7700
[33mvZF4=473.551429371 [0m
--------------------------------------------------------------------------------------------------------------------
[ OKCOIN ZF4 BTCCNY 15M - 2016-09-02 16:30:08 ] : LAST SIGNAL = 1 [Sell -147.366 < ZF4 = 473.5514  > Buy 56.849 ]
--------------------------------------------------------------------------------------------------------------------
Tick processing ended at 2016-09-02 16:30:08. Waiting 15 Minutes for next tick
   
********************************************************************************************************************
 T I C K = 50  [1.04 D] [BOT: OKCOIN ZF4 BTCCNY 15M] merodio
********************************************************************************************************************
Balance now consists in 7.7531 CNY and 6.4120 BTC
Actual Balance in CNY: 24672.7294 | Start Belance in CNY: 24675.5118 | CNY Profit: [1;31m -0.0113 [0m %
Actual Balance in BTC: 6.4140 | Start Balance in BTC: 6.4459 | BTC Profit: [1;31m -0.4945 [0m %
Buy & Hold Profit: 0.4856
Actual BTCCNY value: 3846.6900 | ck value: 3848.5700
[33mvZF4=386.576894969 [0m
--------------------------------------------------------------------------------------------------------------------
[ OKCOIN ZF4 BTCCNY 15M - 2016-09-02 16:45:09 ] : LAST SIGNAL = 1 [Sell -147.366 < ZF4 = 386.5769  > Buy 56.849 ]
--------------------------------------------------------------------------------------------------------------------
Tick processing ended at 2016-09-02 16:45:09. Waiting 15 Minutes for next tick
   
********************************************************************************************************************
 T I C K = 51  [1.06 D] [BOT: OKCOIN ZF4 BTCCNY 15M] merodio
********************************************************************************************************************
Balance now consists in 7.7531 CNY and 6.4120 BTC
Actual Balance in CNY: 24681.4497 | Start Belance in CNY: 24675.5118 | CNY Profit: [1;32m 0.0241 [0m %
Actual Balance in BTC: 6.4140 | Start Balance in BTC: 6.4459 | BTC Profit: [1;31m -0.4945 [0m %
Buy & Hold Profit: 0.5211
Actual BTCCNY value: 3848.0500 | ck value: 3847.9000
[33mvZF4=384.748826678 [0m
--------------------------------------------------------------------------------------------------------------------
[ OKCOIN ZF4 BTCCNY 15M - 2016-09-02 17:00:08 ] : LAST SIGNAL = 1 [Sell -147.366 < ZF4 = 384.7488  > Buy 56.849 ]
--------------------------------------------------------------------------------------------------------------------
Tick processing ended at 2016-09-02 17:00:08. Waiting 15 Minutes for next tick
   
********************************************************************************************************************
 T I C K = 52  [1.08 D] [BOT: OKCOIN ZF4 BTCCNY 15M] merodio
********************************************************************************************************************
Balance now consists in 7.7531 CNY and 6.4120 BTC
Actual Balance in CNY: 24690.0418 | Start Belance in CNY: 24675.5118 | CNY Profit: [1;32m 0.0589 [0m %
Actual Balance in BTC: 6.4140 | Start Balance in BTC: 6.4459 | BTC Profit: [1;31m -0.4945 [0m %
Buy & Hold Profit: 0.5562
Actual BTCCNY value: 3849.3900 | ck value: 3848.6200
[33mvZF4=408.028101645 [0m
--------------------------------------------------------------------------------------------------------------------
[ OKCOIN ZF4 BTCCNY 15M - 2016-09-02 17:15:11 ] : LAST SIGNAL = 1 [Sell -147.366 < ZF4 = 408.0281  > Buy 56.849 ]
--------------------------------------------------------------------------------------------------------------------
Tick processing ended at 2016-09-02 17:15:11. Waiting 15 Minutes for next tick
   
********************************************************************************************************************
 T I C K = 53  [1.10 D] [BOT: OKCOIN ZF4 BTCCNY 15M] merodio
********************************************************************************************************************
Balance now consists in 7.7531 CNY and 6.4120 BTC
Actual Balance in CNY: 24684.2710 | Start Belance in CNY: 24675.5118 | CNY Profit: [1;32m 0.0355 [0m %
Actual Balance in BTC: 6.4140 | Start Balance in BTC: 6.4459 | BTC Profit: [1;31m -0.4945 [0m %
Buy & Hold Profit: 0.5326
Actual BTCCNY value: 3848.4900 | ck value: 3849.1400
[33mvZF4=424.133676545 [0m
--------------------------------------------------------------------------------------------------------------------
[ OKCOIN ZF4 BTCCNY 15M - 2016-09-02 17:30:07 ] : LAST SIGNAL = 1 [Sell -147.366 < ZF4 = 424.1337  > Buy 56.849 ]
--------------------------------------------------------------------------------------------------------------------
Tick processing ended at 2016-09-02 17:30:07. Waiting 15 Minutes for next tick
   
********************************************************************************************************************
 T I C K = 54  [1.12 D] [BOT: OKCOIN ZF4 BTCCNY 15M] merodio
********************************************************************************************************************
Balance now consists in 7.7531 CNY and 6.4120 BTC
Actual Balance in CNY: 24681.0009 | Start Belance in CNY: 24675.5118 | CNY Profit: [1;32m 0.0222 [0m %
Actual Balance in BTC: 6.4140 | Start Balance in BTC: 6.4459 | BTC Profit: [1;31m -0.4945 [0m %
Buy & Hold Profit: 0.5193
Actual BTCCNY value: 3847.9800 | ck value: 3847.3800
[33mvZF4=405.803736201 [0m
--------------------------------------------------------------------------------------------------------------------
[ OKCOIN ZF4 BTCCNY 15M - 2016-09-02 17:45:08 ] : LAST SIGNAL = 1 [Sell -147.366 < ZF4 = 405.8037  > Buy 56.849 ]
--------------------------------------------------------------------------------------------------------------------
Tick processing ended at 2016-09-02 17:45:08. Waiting 15 Minutes for next tick
   
********************************************************************************************************************
 T I C K = 55  [1.15 D] [BOT: OKCOIN ZF4 BTCCNY 15M] merodio
********************************************************************************************************************
Balance now consists in 7.7531 CNY and 6.4120 BTC
Actual Balance in CNY: 24721.7812 | Start Belance in CNY: 24675.5118 | CNY Profit: [1;32m 0.1875 [0m %
Actual Balance in BTC: 6.4140 | Start Balance in BTC: 6.4459 | BTC Profit: [1;31m -0.4946 [0m %
Buy & Hold Profit: 0.6855
Actual BTCCNY value: 3854.3400 | ck value: 3847.9400
[33mvZF4=424.141090062 [0m
--------------------------------------------------------------------------------------------------------------------
[ OKCOIN ZF4 BTCCNY 15M - 2016-09-02 18:00:08 ] : LAST SIGNAL = 1 [Sell -147.366 < ZF4 = 424.1411  > Buy 56.849 ]
--------------------------------------------------------------------------------------------------------------------
Tick processing ended at 2016-09-02 18:00:08. Waiting 15 Minutes for next tick
   
********************************************************************************************************************
 T I C K = 56  [1.17 D] [BOT: OKCOIN ZF4 BTCCNY 15M] merodio
********************************************************************************************************************
Balance now consists in 7.7531 CNY and 6.4120 BTC
Actual Balance in CNY: 24669.2669 | Start Belance in CNY: 24675.5118 | CNY Profit: [1;31m -0.0253 [0m %
Actual Balance in BTC: 6.4140 | Start Balance in BTC: 6.4459 | BTC Profit: [1;31m -0.4945 [0m %
Buy & Hold Profit: 0.4715
Actual BTCCNY value: 3846.1500 | ck value: 3854.7700
[33mvZF4=530.610827568 [0m
--------------------------------------------------------------------------------------------------------------------
[ OKCOIN ZF4 BTCCNY 15M - 2016-09-02 18:15:16 ] : LAST SIGNAL = 1 [Sell -147.366 < ZF4 = 530.6108  > Buy 56.849 ]
--------------------------------------------------------------------------------------------------------------------
Tick processing ended at 2016-09-02 18:15:16. Waiting 15 Minutes for next tick
   
********************************************************************************************************************
 T I C K = 57  [1.19 D] [BOT: OKCOIN ZF4 BTCCNY 15M] merodio
********************************************************************************************************************
Balance now consists in 7.7531 CNY and 6.4120 BTC
Actual Balance in CNY: 24694.2737 | Start Belance in CNY: 24675.5118 | CNY Profit: [1;32m 0.0760 [0m %
Actual Balance in BTC: 6.4140 | Start Balance in BTC: 6.4459 | BTC Profit: [1;31m -0.4945 [0m %
Buy & Hold Profit: 0.5734
Actual BTCCNY value: 3850.0500 | ck value: 3849.7600
[33mvZF4=457.650442794 [0m
--------------------------------------------------------------------------------------------------------------------
[ OKCOIN ZF4 BTCCNY 15M - 2016-09-02 18:30:07 ] : LAST SIGNAL = 1 [Sell -147.366 < ZF4 = 457.6504  > Buy 56.849 ]
--------------------------------------------------------------------------------------------------------------------
Tick processing ended at 2016-09-02 18:30:07. Waiting 15 Minutes for next tick
   
********************************************************************************************************************
 T I C K = 58  [1.21 D] [BOT: OKCOIN ZF4 BTCCNY 15M] merodio
********************************************************************************************************************
Balance now consists in 7.7531 CNY and 6.4120 BTC
Actual Balance in CNY: 24685.4893 | Start Belance in CNY: 24675.5118 | CNY Profit: [1;32m 0.0404 [0m %
Actual Balance in BTC: 6.4140 | Start Balance in BTC: 6.4459 | BTC Profit: [1;31m -0.4945 [0m %
Buy & Hold Profit: 0.5376
Actual BTCCNY value: 3848.6800 | ck value: 3850.9400
[33mvZF4=479.168657501 [0m
--------------------------------------------------------------------------------------------------------------------
[ OKCOIN ZF4 BTCCNY 15M - 2016-09-02 18:45:05 ] : LAST SIGNAL = 1 [Sell -147.366 < ZF4 = 479.1687  > Buy 56.849 ]
--------------------------------------------------------------------------------------------------------------------
Tick processing ended at 2016-09-02 18:45:05. Waiting 15 Minutes for next tick
   
********************************************************************************************************************
 T I C K = 59  [1.23 D] [BOT: OKCOIN ZF4 BTCCNY 15M] merodio
********************************************************************************************************************
Balance now consists in 7.7531 CNY and 6.4120 BTC
Actual Balance in CNY: 24686.3228 | Start Belance in CNY: 24675.5118 | CNY Profit: [1;32m 0.0438 [0m %
Actual Balance in BTC: 6.4140 | Start Balance in BTC: 6.4459 | BTC Profit: [1;31m -0.4945 [0m %
Buy & Hold Profit: 0.5410
Actual BTCCNY value: 3848.8100 | ck value: 3848.8900
[33mvZF4=447.697007811 [0m
--------------------------------------------------------------------------------------------------------------------
[ OKCOIN ZF4 BTCCNY 15M - 2016-09-02 19:00:08 ] : LAST SIGNAL = 1 [Sell -147.366 < ZF4 = 447.6970  > Buy 56.849 ]
--------------------------------------------------------------------------------------------------------------------
Tick processing ended at 2016-09-02 19:00:08. Waiting 15 Minutes for next tick
   
********************************************************************************************************************
 T I C K = 60  [1.25 D] [BOT: OKCOIN ZF4 BTCCNY 15M] merodio
********************************************************************************************************************
Balance now consists in 7.7531 CNY and 6.4120 BTC
Actual Balance in CNY: 24678.2437 | Start Belance in CNY: 24675.5118 | CNY Profit: [1;32m 0.0111 [0m %
Actual Balance in BTC: 6.4140 | Start Balance in BTC: 6.4459 | BTC Profit: [1;31m -0.4945 [0m %
Buy & Hold Profit: 0.5081
Actual BTCCNY value: 3847.5500 | ck value: 3848.2600
[33mvZF4=436.875286969 [0m
--------------------------------------------------------------------------------------------------------------------
[ OKCOIN ZF4 BTCCNY 15M - 2016-09-02 19:15:08 ] : LAST SIGNAL = 1 [Sell -147.366 < ZF4 = 436.8753  > Buy 56.849 ]
--------------------------------------------------------------------------------------------------------------------
Tick processing ended at 2016-09-02 19:15:08. Waiting 15 Minutes for next tick
   
********************************************************************************************************************
 T I C K = 61  [1.27 D] [BOT: OKCOIN ZF4 BTCCNY 15M] merodio
********************************************************************************************************************
Balance now consists in 7.7531 CNY and 6.4120 BTC
Actual Balance in CNY: 24679.5902 | Start Belance in CNY: 24675.5118 | CNY Profit: [1;32m 0.0165 [0m %
Actual Balance in BTC: 6.4140 | Start Balance in BTC: 6.4459 | BTC Profit: [1;31m -0.4945 [0m %
Buy & Hold Profit: 0.5136
Actual BTCCNY value: 3847.7600 | ck value: 3847.8100
[33mvZF4=430.271798508 [0m
--------------------------------------------------------------------------------------------------------------------
[ OKCOIN ZF4 BTCCNY 15M - 2016-09-02 19:30:09 ] : LAST SIGNAL = 1 [Sell -147.366 < ZF4 = 430.2718  > Buy 56.849 ]
--------------------------------------------------------------------------------------------------------------------
Tick processing ended at 2016-09-02 19:30:09. Waiting 15 Minutes for next tick
   
********************************************************************************************************************
 T I C K = 62  [1.29 D] [BOT: OKCOIN ZF4 BTCCNY 15M] merodio
********************************************************************************************************************
Balance now consists in 7.7531 CNY and 6.4120 BTC
Actual Balance in CNY: 24661.5725 | Start Belance in CNY: 24675.5118 | CNY Profit: [1;31m -0.0565 [0m %
Actual Balance in BTC: 6.4140 | Start Balance in BTC: 6.4459 | BTC Profit: [1;31m -0.4945 [0m %
Buy & Hold Profit: 0.4402
Actual BTCCNY value: 3844.9500 | ck value: 3847.8700
[33mvZF4=431.308839951 [0m
--------------------------------------------------------------------------------------------------------------------
[ OKCOIN ZF4 BTCCNY 15M - 2016-09-02 19:45:05 ] : LAST SIGNAL = 1 [Sell -147.366 < ZF4 = 431.3088  > Buy 56.849 ]
--------------------------------------------------------------------------------------------------------------------
Tick processing ended at 2016-09-02 19:45:05. Waiting 15 Minutes for next tick
   
********************************************************************************************************************
 T I C K = 63  [1.31 D] [BOT: OKCOIN ZF4 BTCCNY 15M] merodio
********************************************************************************************************************
Balance now consists in 7.7531 CNY and 6.4120 BTC
Actual Balance in CNY: 24662.8549 | Start Belance in CNY: 24675.5118 | CNY Profit: [1;31m -0.0513 [0m %
Actual Balance in BTC: 6.4140 | Start Balance in BTC: 6.4459 | BTC Profit: [1;31m -0.4945 [0m %
Buy & Hold Profit: 0.4454
Actual BTCCNY value: 3845.1500 | ck value: 3845.1400
[33mvZF4=387.849657999 [0m
--------------------------------------------------------------------------------------------------------------------
[ OKCOIN ZF4 BTCCNY 15M - 2016-09-02 20:00:05 ] : LAST SIGNAL = 1 [Sell -147.366 < ZF4 = 387.8497  > Buy 56.849 ]
--------------------------------------------------------------------------------------------------------------------
Tick processing ended at 2016-09-02 20:00:05. Waiting 15 Minutes for next tick
   
********************************************************************************************************************
 T I C K = 64  [1.33 D] [BOT: OKCOIN ZF4 BTCCNY 15M] merodio
********************************************************************************************************************
Balance now consists in 7.7531 CNY and 6.4120 BTC
Actual Balance in CNY: 24643.4907 | Start Belance in CNY: 24675.5118 | CNY Profit: [1;31m -0.1298 [0m %
Actual Balance in BTC: 6.4140 | Start Balance in BTC: 6.4459 | BTC Profit: [1;31m -0.4945 [0m %
Buy & Hold Profit: 0.3665
Actual BTCCNY value: 3842.1300 | ck value: 3845.7400
[33mvZF4=394.952325406 [0m
--------------------------------------------------------------------------------------------------------------------
[ OKCOIN ZF4 BTCCNY 15M - 2016-09-02 20:15:06 ] : LAST SIGNAL = 1 [Sell -147.366 < ZF4 = 394.9523  > Buy 56.849 ]
--------------------------------------------------------------------------------------------------------------------
Tick processing ended at 2016-09-02 20:15:06. Waiting 15 Minutes for next tick
   
********************************************************************************************************************
 T I C K = 65  [1.35 D] [BOT: OKCOIN ZF4 BTCCNY 15M] merodio
********************************************************************************************************************
Balance now consists in 7.7531 CNY and 6.4120 BTC
Actual Balance in CNY: 24628.1019 | Start Belance in CNY: 24675.5118 | CNY Profit: [1;31m -0.1921 [0m %
Actual Balance in BTC: 6.4140 | Start Balance in BTC: 6.4459 | BTC Profit: [1;31m -0.4944 [0m %
Buy & Hold Profit: 0.3038
Actual BTCCNY value: 3839.7300 | ck value: 3840.2900
[33mvZF4=312.700126024 [0m
--------------------------------------------------------------------------------------------------------------------
[ OKCOIN ZF4 BTCCNY 15M - 2016-09-02 20:30:10 ] : LAST SIGNAL = 1 [Sell -147.366 < ZF4 = 312.7001  > Buy 56.849 ]
--------------------------------------------------------------------------------------------------------------------
Tick processing ended at 2016-09-02 20:30:10. Waiting 15 Minutes for next tick
   
********************************************************************************************************************
 T I C K = 66  [1.38 D] [BOT: OKCOIN ZF4 BTCCNY 15M] merodio
********************************************************************************************************************
Balance now consists in 7.7531 CNY and 6.4120 BTC
Actual Balance in CNY: 24623.4211 | Start Belance in CNY: 24675.5118 | CNY Profit: [1;31m -0.2111 [0m %
Actual Balance in BTC: 6.4140 | Start Balance in BTC: 6.4459 | BTC Profit: [1;31m -0.4944 [0m %
Buy & Hold Profit: 0.2847
Actual BTCCNY value: 3839.0000 | ck value: 3839.7200
[33mvZF4=311.965482018 [0m
--------------------------------------------------------------------------------------------------------------------
[ OKCOIN ZF4 BTCCNY 15M - 2016-09-02 20:45:12 ] : LAST SIGNAL = 1 [Sell -147.366 < ZF4 = 311.9655  > Buy 56.849 ]
--------------------------------------------------------------------------------------------------------------------
Tick processing ended at 2016-09-02 20:45:12. Waiting 15 Minutes for next tick
   
********************************************************************************************************************
 T I C K = 67  [1.40 D] [BOT: OKCOIN ZF4 BTCCNY 15M] merodio
********************************************************************************************************************
Balance now consists in 7.7531 CNY and 6.4120 BTC
Actual Balance in CNY: 24623.4852 | Start Belance in CNY: 24675.5118 | CNY Profit: [1;31m -0.2108 [0m %
Actual Balance in BTC: 6.4140 | Start Balance in BTC: 6.4459 | BTC Profit: [1;31m -0.4944 [0m %
Buy & Hold Profit: 0.2850
Actual BTCCNY value: 3839.0100 | ck value: 3839.1600
[33mvZF4=310.323596226 [0m
--------------------------------------------------------------------------------------------------------------------
[ OKCOIN ZF4 BTCCNY 15M - 2016-09-02 21:00:06 ] : LAST SIGNAL = 1 [Sell -147.366 < ZF4 = 310.3236  > Buy 56.849 ]
--------------------------------------------------------------------------------------------------------------------
Tick processing ended at 2016-09-02 21:00:06. Waiting 15 Minutes for next tick
   
********************************************************************************************************************
 T I C K = 68  [1.42 D] [BOT: OKCOIN ZF4 BTCCNY 15M] merodio
********************************************************************************************************************
Balance now consists in 7.7531 CNY and 6.4120 BTC
Actual Balance in CNY: 24634.8986 | Start Belance in CNY: 24675.5118 | CNY Profit: [1;31m -0.1646 [0m %
Actual Balance in BTC: 6.4140 | Start Balance in BTC: 6.4459 | BTC Profit: [1;31m -0.4944 [0m %
Buy & Hold Profit: 0.3315
Actual BTCCNY value: 3840.7900 | ck value: 3840.1200
[33mvZF4=331.243038554 [0m
--------------------------------------------------------------------------------------------------------------------
[ OKCOIN ZF4 BTCCNY 15M - 2016-09-02 21:15:12 ] : LAST SIGNAL = 1 [Sell -147.366 < ZF4 = 331.2430  > Buy 56.849 ]
--------------------------------------------------------------------------------------------------------------------
Tick processing ended at 2016-09-02 21:15:12. Waiting 15 Minutes for next tick
   
********************************************************************************************************************
 T I C K = 69  [1.44 D] [BOT: OKCOIN ZF4 BTCCNY 15M] merodio
********************************************************************************************************************
ERROR: Something failed when tried to get the user ticker/balance
Traceback (most recent call last):
  File "/home/Bot_Okcoin_ZF4_BTCCNY_15m/main.py", line 326, in <module>
    main_thread()        
  File "/home/Bot_Okcoin_ZF4_BTCCNY_15m/main.py", line 291, in main_thread
    broker_update()
  File "/home/Bot_Okcoin_ZF4_BTCCNY_15m/main.py", line 179, in broker_update
    update_info()
  File "/home/Bot_Okcoin_ZF4_BTCCNY_15m/main.py", line 130, in update_info
    shared.balance=return_balance()     
  File "/home/Bot_Okcoin_ZF4_BTCCNY_15m/main.py", line 119, in return_balance
    uinfo=okcoinSpot.userinfo()
  File "/home/Bot_Okcoin_ZF4_BTCCNY_15m/OkcoinSpotAPI.py", line 43, in userinfo
    return httpPost(self.__url,USERINFO_RESOURCE,params)
  File "/home/Bot_Okcoin_ZF4_BTCCNY_15m/HttpMD5Util.py", line 34, in httpPost
    conn.request("POST", resource, temp_params, headers)
  File "/usr/lib/python3.4/http/client.py", line 1137, in request
    self._send_request(method, url, body, headers)
  File "/usr/lib/python3.4/http/client.py", line 1182, in _send_request
    self.endheaders(body)
  File "/usr/lib/python3.4/http/client.py", line 1133, in endheaders
    self._send_output(message_body)
  File "/usr/lib/python3.4/http/client.py", line 963, in _send_output
    self.send(msg)
  File "/usr/lib/python3.4/http/client.py", line 898, in send
    self.connect()
  File "/usr/lib/python3.4/http/client.py", line 1287, in connect
    server_hostname=server_hostname)
  File "/usr/lib/python3.4/ssl.py", line 362, in wrap_socket
    _context=self)
  File "/usr/lib/python3.4/ssl.py", line 580, in __init__
    self.do_handshake()
  File "/usr/lib/python3.4/ssl.py", line 807, in do_handshake
    self._sslobj.do_handshake()
socket.timeout: _ssl.c:584: The handshake operation timed out
